0 info it worked if it ends with ok
1 verbose cli [ 'C:\\Program Files\\nodejs\\\\node.exe',
1 verbose cli   'C:\\Program Files\\nodejs\\node_modules\\npm\\bin\\npm-cli.js',
1 verbose cli   'install' ]
2 info using npm@1.4.28
3 info using node@v0.10.32
4 verbose node symlink C:\Program Files\nodejs\\node.exe
5 verbose readDependencies using package.json deps
6 verbose install where, deps [ 'C:\\websites\\kidsit\\public\\htmlapp\\libs\\jquery-color',
6 verbose install   [ 'grunt',
6 verbose install     'grunt-compare-size',
6 verbose install     'grunt-git-authors',
6 verbose install     'testswarm' ] ]
7 info preinstall jquery-color@2.1.2
8 verbose readDependencies using package.json deps
9 verbose already installed skipping grunt@~0.3.17 C:\websites\kidsit\public\htmlapp\libs\jquery-color
10 verbose already installed skipping grunt-compare-size@>=0.1.4 C:\websites\kidsit\public\htmlapp\libs\jquery-color
11 verbose already installed skipping grunt-git-authors@1.0.0 C:\websites\kidsit\public\htmlapp\libs\jquery-color
12 verbose already installed skipping testswarm@0.2.2 C:\websites\kidsit\public\htmlapp\libs\jquery-color
13 silly resolved []
14 info build C:\websites\kidsit\public\htmlapp\libs\jquery-color
15 verbose linkStuff [ false,
15 verbose linkStuff   false,
15 verbose linkStuff   false,
15 verbose linkStuff   'C:\\websites\\kidsit\\public\\htmlapp\\libs' ]
16 info linkStuff jquery-color@2.1.2
17 verbose linkBins jquery-color@2.1.2
18 verbose linkMans jquery-color@2.1.2
19 verbose rebuildBundles jquery-color@2.1.2
20 verbose rebuildBundles [ '.bin',
20 verbose rebuildBundles   'grunt',
20 verbose rebuildBundles   'grunt-compare-size',
20 verbose rebuildBundles   'grunt-git-authors',
20 verbose rebuildBundles   'testswarm' ]
21 info install jquery-color@2.1.2
22 info postinstall jquery-color@2.1.2
23 info prepublish jquery-color@2.1.2
24 error peerinvalid The package grunt does not satisfy its siblings' peerDependencies requirements!
24 error peerinvalid Peer grunt-compare-size@0.4.0 wants grunt@>= 0.4.0 < 0.5
25 error System Windows_NT 5.1.2600
26 error command "C:\\Program Files\\nodejs\\\\node.exe" "C:\\Program Files\\nodejs\\node_modules\\npm\\bin\\npm-cli.js" "install"
27 error cwd C:\websites\kidsit\public\htmlapp\libs\jquery-color
28 error node -v v0.10.32
29 error npm -v 1.4.28
30 error code EPEERINVALID
31 verbose exit [ 1, true ]
